<?xml version="1.0" encoding="UTF-8"?>
<!-- Generated by org.testng.reporters.JUnitReportReporter -->
<testsuite hostname="DESKTOP-S3FLF3O" failures="0" tests="3" name="com.poferries.tourist.web.runner.RunTestNGTest" time="35.988" errors="0" timestamp="2024-06-24T15:47:45 IST" skipped="0">
  <testcase classname="com.poferries.tourist.web.runner.RunTestNGTest" name="feature" time="15.001"/>
  <system-out/>
  <testcase classname="com.poferries.tourist.web.runner.RunTestNGTest" name="feature" time="8.831"/>
  <system-out/>
  <testcase classname="com.poferries.tourist.web.runner.RunTestNGTest" name="feature" time="12.156"/>
  <system-out/>
</testsuite> <!-- com.poferries.tourist.web.runner.RunTestNGTest -->
